2025-05-09 23:57:05 [INFO] AWS 环境 -> Account: 869742660350, Region: ap-east-1
2025-05-09 23:57:11 [INFO] 服务关键词: ng
2025-05-09 23:57:15 [INFO] 
搜索到以下 ASG 及其实例数：
2025-05-09 23:57:15 [INFO]   1. nginx-xx-asg (Instances: 2)
2025-05-09 23:57:16 [INFO] 选择编号: 1
2025-05-09 23:57:16 [INFO] 用户选择 ASG：nginx-xx-asg
2025-05-09 23:57:19 [INFO] 
当前 ASG 配置：
2025-05-09 23:57:19 [INFO]   Name    : nginx-xx-asg
2025-05-09 23:57:19 [INFO]   Created : 2025-05-09 15:42:46
2025-05-09 23:57:19 [INFO]   Desired : [32m2[0m
2025-05-09 23:57:19 [INFO]   Min     : [32m2[0m
2025-05-09 23:57:19 [INFO]   Max     : [32m2[0m
2025-05-09 23:57:22 [INFO] 新配置 -> Desired: 1, Min: 1, Max: 1
2025-05-09 23:57:22 [INFO] 
计划应用更改：
2025-05-09 23:57:22 [INFO]   Desired: 2 -> 1
2025-05-09 23:57:22 [INFO]   Min    : 2 -> 1
2025-05-09 23:57:22 [INFO]   Max    : 2 -> 1
2025-05-09 23:57:25 [INFO] ✅ 已更新 ASG nginx-xx-asg
2025-05-09 23:57:26 [INFO] 
更新后 ASG 配置：
2025-05-09 23:57:26 [INFO]   Desired : [32m1[0m
2025-05-09 23:57:26 [INFO]   Min     : [32m1[0m
2025-05-09 23:57:26 [INFO]   Max     : [32m1[0m
